<?xml version="1.0" encoding="UTF-8"?>
<testng-results skipped="0" failed="0" ignored="0" total="2" passed="2">
  <reporter-output>
  </reporter-output>
  <suite name="Default suite" duration-ms="31788" started-at="2021-10-19T21:03:56 EDT" finished-at="2021-10-19T21:04:28 EDT">
    <groups>
    </groups>
    <test name="Default test" duration-ms="31788" started-at="2021-10-19T21:03:56 EDT" finished-at="2021-10-19T21:04:28 EDT">
      <class name="test.Login">
        <test-method status="PASS" signature="negativeLogin()[pri:5, instance:test.Login@33c7e1bb]" name="negativeLogin" duration-ms="18326" started-at="2021-10-19T21:03:56 EDT" finished-at="2021-10-19T21:04:15 EDT">
          <reporter-output>
          </reporter-output>
        </test-method> <!-- negativeLogin -->
        <test-method status="PASS" signature="positiveLogin()[pri:10, instance:test.Login@33c7e1bb]" name="positiveLogin" duration-ms="13359" started-at="2021-10-19T21:04:15 EDT" finished-at="2021-10-19T21:04:28 EDT">
          <reporter-output>
          </reporter-output>
        </test-method> <!-- positiveLogin -->
      </class> <!-- test.Login -->
    </test> <!-- Default test -->
  </suite> <!-- Default suite -->
</testng-results>
